Using pre-set license
Built from '2022.3/release' branch; Version is '2022.3.20f1 (61c2feb0970d) revision 6406910'; Using compiler version '192829333'; Build Type 'Release'
OS: 'Windows 11  (10.0.22631) 64bit CoreSingleLanguage' Language: 'en' Physical Memory: 16163 MB
BatchMode: 1, IsHumanControllingUs: 0, StartBugReporterOnCrash: 0, Is64bit: 1, IsPro: 1

COMMAND LINE ARGUMENTS:
E:\UnityEditor\2022.3.20f1\Editor\Unity.exe
-adb2
-batchMode
-noUpm
-name
AssetImportWorker0
-projectPath
F:/Unity_Project/Editor/Mobile/Offline/XO 2D
-logFile
Logs/AssetImportWorker0.log
-srvPort
49935
Successfully changed project path to: F:/Unity_Project/Editor/Mobile/Offline/XO 2D
F:/Unity_Project/Editor/Mobile/Offline/XO 2D
[UnityMemory] Configuration Parameters - Can be set up in boot.config
    "memorysetup-bucket-allocator-granularity=16"
    "memorysetup-bucket-allocator-bucket-count=8"
    "memorysetup-bucket-allocator-block-size=33554432"
    "memorysetup-bucket-allocator-block-count=8"
    "memorysetup-main-allocator-block-size=16777216"
    "memorysetup-thread-allocator-block-size=16777216"
    "memorysetup-gfx-main-allocator-block-size=16777216"
    "memorysetup-gfx-thread-allocator-block-size=16777216"
    "memorysetup-cache-allocator-block-size=4194304"
    "memorysetup-typetree-allocator-block-size=2097152"
    "memorysetup-profiler-bucket-allocator-granularity=16"
    "memorysetup-profiler-bucket-allocator-bucket-count=8"
    "memorysetup-profiler-bucket-allocator-block-size=33554432"
    "memorysetup-profiler-bucket-allocator-block-count=8"
    "memorysetup-profiler-allocator-block-size=16777216"
    "memorysetup-profiler-editor-allocator-block-size=1048576"
    "memorysetup-temp-allocator-size-main=16777216"
    "memorysetup-job-temp-allocator-block-size=2097152"
    "memorysetup-job-temp-allocator-block-size-background=1048576"
    "memorysetup-job-temp-allocator-reduction-small-platforms=262144"
    "memorysetup-allocator-temp-initial-block-size-main=262144"
    "memorysetup-allocator-temp-initial-block-size-worker=262144"
    "memorysetup-temp-allocator-size-background-worker=32768"
    "memorysetup-temp-allocator-size-job-worker=262144"
    "memorysetup-temp-allocator-size-preload-manager=33554432"
    "memorysetup-temp-allocator-size-nav-mesh-worker=65536"
    "memorysetup-temp-allocator-size-audio-worker=65536"
    "memorysetup-temp-allocator-size-cloud-worker=32768"
    "memorysetup-temp-allocator-size-gi-baking-worker=262144"
    "memorysetup-temp-allocator-size-gfx=262144"
Player connection [7444] Host "[IP] 192.168.0.104 [Port] 0 [Flags] 2 [Guid] 3002292183 [EditorId] 3002292183 [Version] 1048832 [Id] WindowsEditor(7,MQuang) [Debug] 1 [PackageName] WindowsEditor [ProjectName] Editor" joined multi-casting on [225.0.0.222:54997]...

Player connection [7444] Host "[IP] 192.168.0.104 [Port] 0 [Flags] 2 [Guid] 3002292183 [EditorId] 3002292183 [Version] 1048832 [Id] WindowsEditor(7,MQuang) [Debug] 1 [PackageName] WindowsEditor [ProjectName] Editor" joined alternative multi-casting on [225.0.0.222:34997]...

[Physics::Module] Initialized MultithreadedJobDispatcher with 11 workers.
Refreshing native plugins compatible for Editor in 8.71 ms, found 4 plugins.
Preloading 0 native plugins for Editor in 0.00 ms.
Initialize engine version: 2022.3.20f1 (61c2feb0970d)
[Subsystems] Discovering subsystems at path E:/UnityEditor/2022.3.20f1/Editor/Data/Resources/UnitySubsystems
[Subsystems] Discovering subsystems at path F:/Unity_Project/Editor/Mobile/Offline/XO 2D/Assets
GfxDevice: creating device client; threaded=0; jobified=0
Direct3D:
    Version:  Direct3D 11.0 [level 11.1]
    Renderer: NVIDIA GeForce GTX 1650 (ID=0x1f9d)
    Vendor:   NVIDIA
    VRAM:     3962 MB
    Driver:   31.0.15.1748
Initialize mono
Mono path[0] = 'E:/UnityEditor/2022.3.20f1/Editor/Data/Managed'
Mono path[1] = 'E:/UnityEditor/2022.3.20f1/Editor/Data/MonoBleedingEdge/lib/mono/unityjit-win32'
Mono config path = 'E:/UnityEditor/2022.3.20f1/Editor/Data/MonoBleedingEdge/etc'
Using monoOptions --debugger-agent=transport=dt_socket,embedding=1,server=y,suspend=n,address=127.0.0.1:56336
Begin MonoManager ReloadAssembly
Registering precompiled unity dll's ...
Register platform support module: E:/UnityEditor/2022.3.20f1/Editor/Data/PlaybackEngines/WebGLSupport/UnityEditor.WebGL.Extensions.dll
Register platform support module: E:/UnityEditor/2022.3.20f1/Editor/Data/PlaybackEngines/AndroidPlayer/UnityEditor.Android.Extensions.dll
Register platform support module: E:/UnityEditor/2022.3.20f1/Editor/Data/PlaybackEngines/WindowsStandaloneSupport/UnityEditor.WindowsStandalone.Extensions.dll
Registered in 0.004144 seconds.
- Loaded All Assemblies, in  0.635 seconds
Native extension for WindowsStandalone target not found
Native extension for Android target not found
Android Extension - Scanning For ADB Devices 292 ms
Native extension for WebGL target not found
Mono: successfully reloaded assembly
- Finished resetting the current domain, in  0.715 seconds
Domain Reload Profiling: 1351ms
	BeginReloadAssembly (212ms)
		ExecutionOrderSort (0ms)
		DisableScriptedObjects (0ms)
		BackupInstance (0ms)
		ReleaseScriptingObjects (0ms)
		CreateAndSetChildDomain (1ms)
	RebuildCommonClasses (77ms)
	RebuildNativeTypeToScriptingClass (15ms)
	initialDomainReloadingComplete (89ms)
	LoadAllAssembliesAndSetupDomain (242ms)
		LoadAssemblies (219ms)
		RebuildTransferFunctionScriptingTraits (0ms)
		AnalyzeDomain (223ms)
			TypeCache.Refresh (221ms)
				TypeCache.ScanAssembly (198ms)
			ScanForSourceGeneratedMonoScriptInfo (0ms)
			ResolveRequiredComponents (1ms)
	FinalizeReload (716ms)
		ReleaseScriptCaches (0ms)
		RebuildScriptCaches (0ms)
		SetupLoadedEditorAssemblies (632ms)
			LogAssemblyErrors (0ms)
			InitializePlatformSupportModulesInManaged (429ms)
			SetLoadedEditorAssemblies (5ms)
			RefreshPlugins (0ms)
			BeforeProcessingInitializeOnLoad (3ms)
			ProcessInitializeOnLoadAttributes (133ms)
			ProcessInitializeOnLoadMethodAttributes (63ms)
			AfterProcessingInitializeOnLoad (0ms)
			EditorAssembliesLoaded (0ms)
		ExecutionOrderSort2 (0ms)
		AwakeInstancesAfterBackupRestoration (0ms)
========================================================================
Worker process is ready to serve import requests
Begin MonoManager ReloadAssembly
- Loaded All Assemblies, in  1.043 seconds
Refreshing native plugins compatible for Editor in 3.20 ms, found 4 plugins.
Native extension for WindowsStandalone target not found
Native extension for Android target not found
Native extension for WebGL target not found
Package Manager log level set to [2]
[Package Manager] Server::EnsureServerProcessIsRunning -- launch failed, reason: Unity was launched with the -noUpm command-line argument
[Package Manager] UpmClient::Send -- Unable to send message (not connected to UPM process).
[Package Manager] Cannot connect to Unity Package Manager local server
Mono: successfully reloaded assembly
- Finished resetting the current domain, in  1.089 seconds
Domain Reload Profiling: 2133ms
	BeginReloadAssembly (174ms)
		ExecutionOrderSort (0ms)
		DisableScriptedObjects (7ms)
		BackupInstance (0ms)
		ReleaseScriptingObjects (0ms)
		CreateAndSetChildDomain (29ms)
	RebuildCommonClasses (40ms)
	RebuildNativeTypeToScriptingClass (12ms)
	initialDomainReloadingComplete (60ms)
	LoadAllAssembliesAndSetupDomain (757ms)
		LoadAssemblies (483ms)
		RebuildTransferFunctionScriptingTraits (0ms)
		AnalyzeDomain (369ms)
			TypeCache.Refresh (318ms)
				TypeCache.ScanAssembly (286ms)
			ScanForSourceGeneratedMonoScriptInfo (37ms)
			ResolveRequiredComponents (14ms)
	FinalizeReload (1090ms)
		ReleaseScriptCaches (0ms)
		RebuildScriptCaches (0ms)
		SetupLoadedEditorAssemblies (823ms)
			LogAssemblyErrors (0ms)
			InitializePlatformSupportModulesInManaged (33ms)
			SetLoadedEditorAssemblies (8ms)
			RefreshPlugins (0ms)
			BeforeProcessingInitializeOnLoad (120ms)
			ProcessInitializeOnLoadAttributes (525ms)
			ProcessInitializeOnLoadMethodAttributes (134ms)
			AfterProcessingInitializeOnLoad (3ms)
			EditorAssembliesLoaded (0ms)
		ExecutionOrderSort2 (0ms)
		AwakeInstancesAfterBackupRestoration (9ms)
Launched and connected shader compiler UnityShaderCompiler.exe after 0.07 seconds
Refreshing native plugins compatible for Editor in 3.82 ms, found 4 plugins.
Preloading 0 native plugins for Editor in 0.00 ms.
Unloading 5673 Unused Serialized files (Serialized files now loaded: 0)
Unloading 100 unused Assets / (0.9 MB). Loaded Objects now: 6122.
Memory consumption went from 226.1 MB to 225.2 MB.
Total: 4.206400 ms (FindLiveObjects: 0.487300 ms CreateObjectMapping: 0.225600 ms MarkObjects: 2.982500 ms  DeleteObjects: 0.509000 ms)

AssetImportParameters requested are different than current active one (requested -> active):
  custom:container-demuxer-ogg: 62fdf1f143b41e24485cea50d1cbac27 -> 
  custom:video-codec-MediaFoundation-h265: 746d11721c4dcdbdad8f713fa42b33f4 -> 
  custom:video-decoder-ogg-theora: a1e56fd34408186e4bbccfd4996cb3dc -> 
  custom:framework-win-MediaFoundation: 216162199b28c13a410421893ffa2e32 -> 
  custom:CustomObjectIndexerAttribute: 62b5816608c3102f162a1797e29626cf -> 
  custom:container-demuxer-webm: 4f35f7cbe854078d1ac9338744f61a02 -> 
  custom:container-muxer-webm: aa71ff27fc2769a1b78a27578f13a17b -> 
  custom:video-decoder-webm-vp8: 9c59270c3fd7afecdb556c50c9e8de78 -> 
  custom:SearchIndexIgnoredProperties: e643bd26f0fe6173181afceb89e7c659 -> 
  custom:AudioImporter_EditorPlatform: d09bf68614088b80899f8185d706f6e7 -> 
  custom:video-encoder-webm-vp8: eb34c28f22e8b96e1ab97ce403110664 -> 
  custom:audio-decoder-ogg-vorbis: bf7c407c2cedff20999df2af8eb42d56 -> 
  custom:audio-encoder-webm-vorbis: bf7c407c2cedff20999df2af8eb42d56 -> 
========================================================================
Received Import Request.
  Time since last request: 318.993135 seconds.
  path: Assets/G_Asset/Internal/Script/Controller/SlotController.cs
  artifactKey: Guid(8f06e104741071d4f98eb8d90a421f6d) Importer(815301076,1909f56bfc062723c751e8b465ee728b)
Start importing Assets/G_Asset/Internal/Script/Controller/SlotController.cs using Guid(8f06e104741071d4f98eb8d90a421f6d) Importer(815301076,1909f56bfc062723c751e8b465ee728b)  -> (artifact id: '288eb74d332febeb8a039d1a3089412d') in 0.002867 seconds
Number of updated asset objects reloaded before import = 0
Number of asset objects unloaded after import = 0
========================================================================
Received Import Request.
  Time since last request: 3.687360 seconds.
  path: Assets/G_Asset/Internal/Script/Controller/SlotController.cs
  artifactKey: Guid(8f06e104741071d4f98eb8d90a421f6d) Importer(815301076,1909f56bfc062723c751e8b465ee728b)
Start importing Assets/G_Asset/Internal/Script/Controller/SlotController.cs using Guid(8f06e104741071d4f98eb8d90a421f6d) Importer(815301076,1909f56bfc062723c751e8b465ee728b)  -> (artifact id: 'd22c238babff978f4d9ec798ba2cdb2d') in 0.000572 seconds
Number of updated asset objects reloaded before import = 0
Number of asset objects unloaded after import = 0
========================================================================
Received Import Request.
  Time since last request: 16.745481 seconds.
  path: Assets/G_Asset/Internal/Script/Controller/SlotController.cs
  artifactKey: Guid(8f06e104741071d4f98eb8d90a421f6d) Importer(815301076,1909f56bfc062723c751e8b465ee728b)
Start importing Assets/G_Asset/Internal/Script/Controller/SlotController.cs using Guid(8f06e104741071d4f98eb8d90a421f6d) Importer(815301076,1909f56bfc062723c751e8b465ee728b)  -> (artifact id: '066ae40f420f0ae344fc5555b193bbc9') in 0.000710 seconds
Number of updated asset objects reloaded before import = 0
Number of asset objects unloaded after import = 0
========================================================================
Received Import Request.
  Time since last request: 7.950025 seconds.
  path: Assets/G_Asset/Internal/Script/Controller/SlotController.cs
  artifactKey: Guid(8f06e104741071d4f98eb8d90a421f6d) Importer(815301076,1909f56bfc062723c751e8b465ee728b)
Start importing Assets/G_Asset/Internal/Script/Controller/SlotController.cs using Guid(8f06e104741071d4f98eb8d90a421f6d) Importer(815301076,1909f56bfc062723c751e8b465ee728b)  -> (artifact id: '095981662e662bb6b9dfa95269b0fd32') in 0.000711 seconds
Number of updated asset objects reloaded before import = 0
Number of asset objects unloaded after import = 0
========================================================================
Received Import Request.
  Time since last request: 7.726598 seconds.
  path: Assets/G_Asset/Internal/Script/Controller/SlotController.cs
  artifactKey: Guid(8f06e104741071d4f98eb8d90a421f6d) Importer(815301076,1909f56bfc062723c751e8b465ee728b)
Start importing Assets/G_Asset/Internal/Script/Controller/SlotController.cs using Guid(8f06e104741071d4f98eb8d90a421f6d) Importer(815301076,1909f56bfc062723c751e8b465ee728b)  -> (artifact id: 'befb2acf57d91a71bade929298c6b714') in 0.000486 seconds
Number of updated asset objects reloaded before import = 0
Number of asset objects unloaded after import = 0
========================================================================
Received Import Request.
  Time since last request: 5.556963 seconds.
  path: Assets/G_Asset/Internal/Script/Controller/SlotController.cs
  artifactKey: Guid(8f06e104741071d4f98eb8d90a421f6d) Importer(815301076,1909f56bfc062723c751e8b465ee728b)
Start importing Assets/G_Asset/Internal/Script/Controller/SlotController.cs using Guid(8f06e104741071d4f98eb8d90a421f6d) Importer(815301076,1909f56bfc062723c751e8b465ee728b)  -> (artifact id: '9a8233f6dc078ece2f261f3d38062394') in 0.000543 seconds
Number of updated asset objects reloaded before import = 0
Number of asset objects unloaded after import = 0
========================================================================
Received Import Request.
  Time since last request: 4.912279 seconds.
  path: Assets/G_Asset/Internal/Script/Controller/SlotController.cs
  artifactKey: Guid(8f06e104741071d4f98eb8d90a421f6d) Importer(815301076,1909f56bfc062723c751e8b465ee728b)
Start importing Assets/G_Asset/Internal/Script/Controller/SlotController.cs using Guid(8f06e104741071d4f98eb8d90a421f6d) Importer(815301076,1909f56bfc062723c751e8b465ee728b)  -> (artifact id: 'c4a26703781c10a50901effe6e3e4c79') in 0.000578 seconds
Number of updated asset objects reloaded before import = 0
Number of asset objects unloaded after import = 0
========================================================================
Received Import Request.
  Time since last request: 5.603597 seconds.
  path: Assets/G_Asset/Internal/Script/Controller/SlotController.cs
  artifactKey: Guid(8f06e104741071d4f98eb8d90a421f6d) Importer(815301076,1909f56bfc062723c751e8b465ee728b)
Start importing Assets/G_Asset/Internal/Script/Controller/SlotController.cs using Guid(8f06e104741071d4f98eb8d90a421f6d) Importer(815301076,1909f56bfc062723c751e8b465ee728b)  -> (artifact id: '3652babafdbecf0bd15756add189ba9b') in 0.000577 seconds
Number of updated asset objects reloaded before import = 0
Number of asset objects unloaded after import = 0
========================================================================
Received Import Request.
  Time since last request: 4.420827 seconds.
  path: Assets/G_Asset/Internal/Script/Controller/SlotController.cs
  artifactKey: Guid(8f06e104741071d4f98eb8d90a421f6d) Importer(815301076,1909f56bfc062723c751e8b465ee728b)
Start importing Assets/G_Asset/Internal/Script/Controller/SlotController.cs using Guid(8f06e104741071d4f98eb8d90a421f6d) Importer(815301076,1909f56bfc062723c751e8b465ee728b)  -> (artifact id: 'e93f4090f8418a953cac39cd1f6cd7b8') in 0.000625 seconds
Number of updated asset objects reloaded before import = 0
Number of asset objects unloaded after import = 0
========================================================================
Received Import Request.
  Time since last request: 5.393291 seconds.
  path: Assets/G_Asset/Internal/Script/Controller/SlotController.cs
  artifactKey: Guid(8f06e104741071d4f98eb8d90a421f6d) Importer(815301076,1909f56bfc062723c751e8b465ee728b)
Start importing Assets/G_Asset/Internal/Script/Controller/SlotController.cs using Guid(8f06e104741071d4f98eb8d90a421f6d) Importer(815301076,1909f56bfc062723c751e8b465ee728b)  -> (artifact id: '4013787b2feae70426f5a83b86757a2d') in 0.000510 seconds
Number of updated asset objects reloaded before import = 0
Number of asset objects unloaded after import = 0
========================================================================
Received Import Request.
  Time since last request: 6.806012 seconds.
  path: Assets/G_Asset/Internal/Script/Controller/SlotController.cs
  artifactKey: Guid(8f06e104741071d4f98eb8d90a421f6d) Importer(815301076,1909f56bfc062723c751e8b465ee728b)
Start importing Assets/G_Asset/Internal/Script/Controller/SlotController.cs using Guid(8f06e104741071d4f98eb8d90a421f6d) Importer(815301076,1909f56bfc062723c751e8b465ee728b)  -> (artifact id: 'ccd51e56a34d449a111f4f4647c05f42') in 0.000606 seconds
Number of updated asset objects reloaded before import = 0
Number of asset objects unloaded after import = 0
========================================================================
Received Prepare
Begin MonoManager ReloadAssembly
- Loaded All Assemblies, in  0.622 seconds
Refreshing native plugins compatible for Editor in 2.71 ms, found 4 plugins.
Native extension for WindowsStandalone target not found
Native extension for Android target not found
Native extension for WebGL target not found
[Package Manager] Server::EnsureServerProcessIsRunning -- launch failed, reason: Unity was launched with the -noUpm command-line argument
[Package Manager] UpmClient::Send -- Unable to send message (not connected to UPM process).
[Package Manager] Cannot connect to Unity Package Manager local server
Mono: successfully reloaded assembly
- Finished resetting the current domain, in  1.424 seconds
Domain Reload Profiling: 2046ms
	BeginReloadAssembly (172ms)
		ExecutionOrderSort (0ms)
		DisableScriptedObjects (10ms)
		BackupInstance (0ms)
		ReleaseScriptingObjects (0ms)
		CreateAndSetChildDomain (49ms)
	RebuildCommonClasses (39ms)
	RebuildNativeTypeToScriptingClass (11ms)
	initialDomainReloadingComplete (31ms)
	LoadAllAssembliesAndSetupDomain (368ms)
		LoadAssemblies (408ms)
		RebuildTransferFunctionScriptingTraits (0ms)
		AnalyzeDomain (44ms)
			TypeCache.Refresh (11ms)
				TypeCache.ScanAssembly (0ms)
			ScanForSourceGeneratedMonoScriptInfo (21ms)
			ResolveRequiredComponents (9ms)
	FinalizeReload (1424ms)
		ReleaseScriptCaches (0ms)
		RebuildScriptCaches (0ms)
		SetupLoadedEditorAssemblies (694ms)
			LogAssemblyErrors (0ms)
			InitializePlatformSupportModulesInManaged (23ms)
			SetLoadedEditorAssemblies (6ms)
			RefreshPlugins (0ms)
			BeforeProcessingInitializeOnLoad (93ms)
			ProcessInitializeOnLoadAttributes (449ms)
			ProcessInitializeOnLoadMethodAttributes (121ms)
			AfterProcessingInitializeOnLoad (2ms)
			EditorAssembliesLoaded (0ms)
		ExecutionOrderSort2 (0ms)
		AwakeInstancesAfterBackupRestoration (12ms)
Refreshing native plugins compatible for Editor in 4.78 ms, found 4 plugins.
Preloading 0 native plugins for Editor in 0.00 ms.
Unloading 5534 Unused Serialized files (Serialized files now loaded: 0)
Unloading 63 unused Assets / (0.9 MB). Loaded Objects now: 6128.
Memory consumption went from 204.4 MB to 203.5 MB.
Total: 9.153800 ms (FindLiveObjects: 0.667600 ms CreateObjectMapping: 0.691000 ms MarkObjects: 5.640700 ms  DeleteObjects: 2.150400 ms)

Prepare: number of updated asset objects reloaded= 0
AssetImportParameters requested are different than current active one (requested -> active):
  custom:container-demuxer-ogg: 62fdf1f143b41e24485cea50d1cbac27 -> 
  custom:video-codec-MediaFoundation-h265: 746d11721c4dcdbdad8f713fa42b33f4 -> 
  custom:video-decoder-ogg-theora: a1e56fd34408186e4bbccfd4996cb3dc -> 
  custom:framework-win-MediaFoundation: 216162199b28c13a410421893ffa2e32 -> 
  custom:CustomObjectIndexerAttribute: 62b5816608c3102f162a1797e29626cf -> 
  custom:container-demuxer-webm: 4f35f7cbe854078d1ac9338744f61a02 -> 
  custom:container-muxer-webm: aa71ff27fc2769a1b78a27578f13a17b -> 
  custom:video-decoder-webm-vp8: 9c59270c3fd7afecdb556c50c9e8de78 -> 
  custom:SearchIndexIgnoredProperties: e643bd26f0fe6173181afceb89e7c659 -> 
  custom:AudioImporter_EditorPlatform: d09bf68614088b80899f8185d706f6e7 -> 
  custom:video-encoder-webm-vp8: eb34c28f22e8b96e1ab97ce403110664 -> 
  custom:audio-decoder-ogg-vorbis: bf7c407c2cedff20999df2af8eb42d56 -> 
  custom:audio-encoder-webm-vorbis: bf7c407c2cedff20999df2af8eb42d56 -> 
========================================================================
Received Import Request.
  Time since last request: 112.238434 seconds.
  path: Assets/G_Asset/Internal/Script/Controller/SlotController.cs
  artifactKey: Guid(8f06e104741071d4f98eb8d90a421f6d) Importer(815301076,1909f56bfc062723c751e8b465ee728b)
Start importing Assets/G_Asset/Internal/Script/Controller/SlotController.cs using Guid(8f06e104741071d4f98eb8d90a421f6d) Importer(815301076,1909f56bfc062723c751e8b465ee728b)  -> (artifact id: 'bec74ce1c41a73541e46f34aea291ffc') in 0.002501 seconds
Number of updated asset objects reloaded before import = 0
Number of asset objects unloaded after import = 0
========================================================================
Received Prepare
Begin MonoManager ReloadAssembly
- Loaded All Assemblies, in  0.454 seconds
Refreshing native plugins compatible for Editor in 2.71 ms, found 4 plugins.
Native extension for WindowsStandalone target not found
Native extension for Android target not found
Native extension for WebGL target not found
[Package Manager] Server::EnsureServerProcessIsRunning -- launch failed, reason: Unity was launched with the -noUpm command-line argument
[Package Manager] UpmClient::Send -- Unable to send message (not connected to UPM process).
[Package Manager] Cannot connect to Unity Package Manager local server
Mono: successfully reloaded assembly
- Finished resetting the current domain, in  0.958 seconds
Domain Reload Profiling: 1411ms
	BeginReloadAssembly (161ms)
		ExecutionOrderSort (0ms)
		DisableScriptedObjects (13ms)
		BackupInstance (0ms)
		ReleaseScriptingObjects (0ms)
		CreateAndSetChildDomain (46ms)
	RebuildCommonClasses (27ms)
	RebuildNativeTypeToScriptingClass (14ms)
	initialDomainReloadingComplete (25ms)
	LoadAllAssembliesAndSetupDomain (228ms)
		LoadAssemblies (251ms)
		RebuildTransferFunctionScriptingTraits (0ms)
		AnalyzeDomain (43ms)
			TypeCache.Refresh (10ms)
				TypeCache.ScanAssembly (0ms)
			ScanForSourceGeneratedMonoScriptInfo (23ms)
			ResolveRequiredComponents (9ms)
	FinalizeReload (958ms)
		ReleaseScriptCaches (0ms)
		RebuildScriptCaches (0ms)
		SetupLoadedEditorAssemblies (414ms)
			LogAssemblyErrors (0ms)
			InitializePlatformSupportModulesInManaged (18ms)
			SetLoadedEditorAssemblies (5ms)
			RefreshPlugins (0ms)
			BeforeProcessingInitializeOnLoad (66ms)
			ProcessInitializeOnLoadAttributes (257ms)
			ProcessInitializeOnLoadMethodAttributes (65ms)
			AfterProcessingInitializeOnLoad (3ms)
			EditorAssembliesLoaded (0ms)
		ExecutionOrderSort2 (0ms)
		AwakeInstancesAfterBackupRestoration (11ms)
Refreshing native plugins compatible for Editor in 2.53 ms, found 4 plugins.
Preloading 0 native plugins for Editor in 0.00 ms.
Unloading 5534 Unused Serialized files (Serialized files now loaded: 0)
Unloading 63 unused Assets / (0.9 MB). Loaded Objects now: 6133.
Memory consumption went from 206.3 MB to 205.5 MB.
Total: 4.014800 ms (FindLiveObjects: 0.466900 ms CreateObjectMapping: 0.241400 ms MarkObjects: 2.842900 ms  DeleteObjects: 0.462500 ms)

Prepare: number of updated asset objects reloaded= 0
AssetImportParameters requested are different than current active one (requested -> active):
  custom:container-demuxer-ogg: 62fdf1f143b41e24485cea50d1cbac27 -> 
  custom:video-codec-MediaFoundation-h265: 746d11721c4dcdbdad8f713fa42b33f4 -> 
  custom:video-decoder-ogg-theora: a1e56fd34408186e4bbccfd4996cb3dc -> 
  custom:framework-win-MediaFoundation: 216162199b28c13a410421893ffa2e32 -> 
  custom:CustomObjectIndexerAttribute: 62b5816608c3102f162a1797e29626cf -> 
  custom:container-demuxer-webm: 4f35f7cbe854078d1ac9338744f61a02 -> 
  custom:container-muxer-webm: aa71ff27fc2769a1b78a27578f13a17b -> 
  custom:video-decoder-webm-vp8: 9c59270c3fd7afecdb556c50c9e8de78 -> 
  custom:SearchIndexIgnoredProperties: e643bd26f0fe6173181afceb89e7c659 -> 
  custom:AudioImporter_EditorPlatform: d09bf68614088b80899f8185d706f6e7 -> 
  custom:video-encoder-webm-vp8: eb34c28f22e8b96e1ab97ce403110664 -> 
  custom:audio-decoder-ogg-vorbis: bf7c407c2cedff20999df2af8eb42d56 -> 
  custom:audio-encoder-webm-vorbis: bf7c407c2cedff20999df2af8eb42d56 -> 
========================================================================
Received Import Request.
  Time since last request: 13.127205 seconds.
  path: Assets/G_Asset/Internal/Script/Controller/SlotController.cs
  artifactKey: Guid(8f06e104741071d4f98eb8d90a421f6d) Importer(815301076,1909f56bfc062723c751e8b465ee728b)
Start importing Assets/G_Asset/Internal/Script/Controller/SlotController.cs using Guid(8f06e104741071d4f98eb8d90a421f6d) Importer(815301076,1909f56bfc062723c751e8b465ee728b)  -> (artifact id: '363303cf63125591c64bb3a32386c6ff') in 0.005442 seconds
Number of updated asset objects reloaded before import = 0
Number of asset objects unloaded after import = 0
========================================================================
Received Prepare
Begin MonoManager ReloadAssembly
- Loaded All Assemblies, in  0.615 seconds
Refreshing native plugins compatible for Editor in 2.22 ms, found 4 plugins.
Native extension for WindowsStandalone target not found
Native extension for Android target not found
Native extension for WebGL target not found
[Package Manager] Server::EnsureServerProcessIsRunning -- launch failed, reason: Unity was launched with the -noUpm command-line argument
[Package Manager] UpmClient::Send -- Unable to send message (not connected to UPM process).
[Package Manager] Cannot connect to Unity Package Manager local server
Mono: successfully reloaded assembly
- Finished resetting the current domain, in  1.449 seconds
Domain Reload Profiling: 2064ms
	BeginReloadAssembly (194ms)
		ExecutionOrderSort (0ms)
		DisableScriptedObjects (16ms)
		BackupInstance (0ms)
		ReleaseScriptingObjects (0ms)
		CreateAndSetChildDomain (43ms)
	RebuildCommonClasses (48ms)
	RebuildNativeTypeToScriptingClass (17ms)
	initialDomainReloadingComplete (34ms)
	LoadAllAssembliesAndSetupDomain (321ms)
		LoadAssemblies (370ms)
		RebuildTransferFunctionScriptingTraits (0ms)
		AnalyzeDomain (57ms)
			TypeCache.Refresh (12ms)
				TypeCache.ScanAssembly (0ms)
			ScanForSourceGeneratedMonoScriptInfo (29ms)
			ResolveRequiredComponents (15ms)
	FinalizeReload (1450ms)
		ReleaseScriptCaches (0ms)
		RebuildScriptCaches (0ms)
		SetupLoadedEditorAssemblies (773ms)
			LogAssemblyErrors (0ms)
			InitializePlatformSupportModulesInManaged (21ms)
			SetLoadedEditorAssemblies (19ms)
			RefreshPlugins (0ms)
			BeforeProcessingInitializeOnLoad (84ms)
			ProcessInitializeOnLoadAttributes (579ms)
			ProcessInitializeOnLoadMethodAttributes (67ms)
			AfterProcessingInitializeOnLoad (2ms)
			EditorAssembliesLoaded (0ms)
		ExecutionOrderSort2 (0ms)
		AwakeInstancesAfterBackupRestoration (17ms)
Script is not up to date after domain reload: guid(8f06e104741071d4f98eb8d90a421f6d) path("Assets/G_Asset/Internal/Script/Controller/SlotController.cs") state(2)
Refreshing native plugins compatible for Editor in 3.05 ms, found 4 plugins.
Preloading 0 native plugins for Editor in 0.00 ms.
Unloading 5533 Unused Serialized files (Serialized files now loaded: 0)
Unloading 63 unused Assets / (0.9 MB). Loaded Objects now: 6137.
Memory consumption went from 208.3 MB to 207.4 MB.
Total: 3.858700 ms (FindLiveObjects: 0.426300 ms CreateObjectMapping: 0.226000 ms MarkObjects: 2.774600 ms  DeleteObjects: 0.430100 ms)

Prepare: number of updated asset objects reloaded= 0
AssetImportParameters requested are different than current active one (requested -> active):
  custom:container-demuxer-ogg: 62fdf1f143b41e24485cea50d1cbac27 -> 
  custom:video-codec-MediaFoundation-h265: 746d11721c4dcdbdad8f713fa42b33f4 -> 
  custom:video-decoder-ogg-theora: a1e56fd34408186e4bbccfd4996cb3dc -> 
  custom:framework-win-MediaFoundation: 216162199b28c13a410421893ffa2e32 -> 
  custom:CustomObjectIndexerAttribute: 62b5816608c3102f162a1797e29626cf -> 
  custom:container-demuxer-webm: 4f35f7cbe854078d1ac9338744f61a02 -> 
  custom:container-muxer-webm: aa71ff27fc2769a1b78a27578f13a17b -> 
  custom:video-decoder-webm-vp8: 9c59270c3fd7afecdb556c50c9e8de78 -> 
  custom:SearchIndexIgnoredProperties: e643bd26f0fe6173181afceb89e7c659 -> 
  custom:AudioImporter_EditorPlatform: d09bf68614088b80899f8185d706f6e7 -> 
  custom:video-encoder-webm-vp8: eb34c28f22e8b96e1ab97ce403110664 -> 
  custom:audio-decoder-ogg-vorbis: bf7c407c2cedff20999df2af8eb42d56 -> 
  custom:audio-encoder-webm-vorbis: bf7c407c2cedff20999df2af8eb42d56 -> 
========================================================================
Received Prepare
Begin MonoManager ReloadAssembly
- Loaded All Assemblies, in  0.441 seconds
Refreshing native plugins compatible for Editor in 2.10 ms, found 4 plugins.
Native extension for WindowsStandalone target not found
Native extension for Android target not found
Native extension for WebGL target not found
[Package Manager] Server::EnsureServerProcessIsRunning -- launch failed, reason: Unity was launched with the -noUpm command-line argument
[Package Manager] UpmClient::Send -- Unable to send message (not connected to UPM process).
[Package Manager] Cannot connect to Unity Package Manager local server
Mono: successfully reloaded assembly
- Finished resetting the current domain, in  1.243 seconds
Domain Reload Profiling: 1683ms
	BeginReloadAssembly (143ms)
		ExecutionOrderSort (0ms)
		DisableScriptedObjects (10ms)
		BackupInstance (0ms)
		ReleaseScriptingObjects (0ms)
		CreateAndSetChildDomain (38ms)
	RebuildCommonClasses (28ms)
	RebuildNativeTypeToScriptingClass (10ms)
	initialDomainReloadingComplete (24ms)
	LoadAllAssembliesAndSetupDomain (235ms)
		LoadAssemblies (257ms)
		RebuildTransferFunctionScriptingTraits (0ms)
		AnalyzeDomain (48ms)
			TypeCache.Refresh (12ms)
				TypeCache.ScanAssembly (0ms)
			ScanForSourceGeneratedMonoScriptInfo (26ms)
			ResolveRequiredComponents (9ms)
	FinalizeReload (1243ms)
		ReleaseScriptCaches (0ms)
		RebuildScriptCaches (0ms)
		SetupLoadedEditorAssemblies (590ms)
			LogAssemblyErrors (0ms)
			InitializePlatformSupportModulesInManaged (30ms)
			SetLoadedEditorAssemblies (7ms)
			RefreshPlugins (0ms)
			BeforeProcessingInitializeOnLoad (128ms)
			ProcessInitializeOnLoadAttributes (344ms)
			ProcessInitializeOnLoadMethodAttributes (80ms)
			AfterProcessingInitializeOnLoad (2ms)
			EditorAssembliesLoaded (0ms)
		ExecutionOrderSort2 (0ms)
		AwakeInstancesAfterBackupRestoration (12ms)
Refreshing native plugins compatible for Editor in 2.59 ms, found 4 plugins.
Preloading 0 native plugins for Editor in 0.00 ms.
Unloading 5534 Unused Serialized files (Serialized files now loaded: 0)
Unloading 63 unused Assets / (0.9 MB). Loaded Objects now: 6143.
Memory consumption went from 210.2 MB to 209.3 MB.
Total: 5.030700 ms (FindLiveObjects: 0.523700 ms CreateObjectMapping: 0.437000 ms MarkObjects: 3.574400 ms  DeleteObjects: 0.494400 ms)

Prepare: number of updated asset objects reloaded= 0
AssetImportParameters requested are different than current active one (requested -> active):
  custom:container-demuxer-ogg: 62fdf1f143b41e24485cea50d1cbac27 -> 
  custom:video-codec-MediaFoundation-h265: 746d11721c4dcdbdad8f713fa42b33f4 -> 
  custom:video-decoder-ogg-theora: a1e56fd34408186e4bbccfd4996cb3dc -> 
  custom:framework-win-MediaFoundation: 216162199b28c13a410421893ffa2e32 -> 
  custom:CustomObjectIndexerAttribute: 62b5816608c3102f162a1797e29626cf -> 
  custom:container-demuxer-webm: 4f35f7cbe854078d1ac9338744f61a02 -> 
  custom:container-muxer-webm: aa71ff27fc2769a1b78a27578f13a17b -> 
  custom:video-decoder-webm-vp8: 9c59270c3fd7afecdb556c50c9e8de78 -> 
  custom:SearchIndexIgnoredProperties: e643bd26f0fe6173181afceb89e7c659 -> 
  custom:AudioImporter_EditorPlatform: d09bf68614088b80899f8185d706f6e7 -> 
  custom:video-encoder-webm-vp8: eb34c28f22e8b96e1ab97ce403110664 -> 
  custom:audio-decoder-ogg-vorbis: bf7c407c2cedff20999df2af8eb42d56 -> 
  custom:audio-encoder-webm-vorbis: bf7c407c2cedff20999df2af8eb42d56 -> 
========================================================================
Received Import Request.
  Time since last request: 11.290690 seconds.
  path: Assets/G_Asset/Internal/Script/Controller/SlotController.cs
  artifactKey: Guid(8f06e104741071d4f98eb8d90a421f6d) Importer(815301076,1909f56bfc062723c751e8b465ee728b)
Start importing Assets/G_Asset/Internal/Script/Controller/SlotController.cs using Guid(8f06e104741071d4f98eb8d90a421f6d) Importer(815301076,1909f56bfc062723c751e8b465ee728b)  -> (artifact id: '05fe789fab3b7ff8b1afb134e38f73ef') in 0.002122 seconds
Number of updated asset objects reloaded before import = 0
Number of asset objects unloaded after import = 0
========================================================================
Received Import Request.
  Time since last request: 3.319268 seconds.
  path: Assets/G_Asset/Internal/Script/Controller/SlotController.cs
  artifactKey: Guid(8f06e104741071d4f98eb8d90a421f6d) Importer(815301076,1909f56bfc062723c751e8b465ee728b)
Start importing Assets/G_Asset/Internal/Script/Controller/SlotController.cs using Guid(8f06e104741071d4f98eb8d90a421f6d) Importer(815301076,1909f56bfc062723c751e8b465ee728b)  -> (artifact id: '00000000000000000000000000000000') in 0.001197 seconds
Import Error Code:(4)
Message: Build asset version error: assets/g_asset/internal/script/controller/slotcontroller.cs in SourceAssetDB has modification time of '2024-04-15T04:06:01.6869529Z' while content on disk has modification time of '2024-04-15T04:06:01.8671357Z'
  ERROR: Build asset version error: assets/g_asset/internal/script/controller/slotcontroller.cs in SourceAssetDB has modification time of '2024-04-15T04:06:01.6869529Z' while content on disk has modification time of '2024-04-15T04:06:01.8671357Z'
Number of updated asset objects reloaded before import = 0
Number of asset objects unloaded after import = 0
========================================================================
Received Import Request.
  Time since last request: 0.316350 seconds.
  path: Assets/G_Asset/Internal/Script/Controller/SlotController.cs
  artifactKey: Guid(8f06e104741071d4f98eb8d90a421f6d) Importer(815301076,1909f56bfc062723c751e8b465ee728b)
Start importing Assets/G_Asset/Internal/Script/Controller/SlotController.cs using Guid(8f06e104741071d4f98eb8d90a421f6d) Importer(815301076,1909f56bfc062723c751e8b465ee728b)  -> (artifact id: '00000000000000000000000000000000') in 0.000524 seconds
Import Error Code:(4)
Message: Build asset version error: assets/g_asset/internal/script/controller/slotcontroller.cs in SourceAssetDB has modification time of '2024-04-15T04:06:01.6869529Z' while content on disk has modification time of '2024-04-15T04:06:01.9959805Z'
  ERROR: Build asset version error: assets/g_asset/internal/script/controller/slotcontroller.cs in SourceAssetDB has modification time of '2024-04-15T04:06:01.6869529Z' while content on disk has modification time of '2024-04-15T04:06:01.9959805Z'
Number of updated asset objects reloaded before import = 0
Number of asset objects unloaded after import = 0
========================================================================
Received Import Request.
  Time since last request: 0.025739 seconds.
  path: Assets/G_Asset/Internal/Script/Controller/SlotController.cs
  artifactKey: Guid(8f06e104741071d4f98eb8d90a421f6d) Importer(815301076,1909f56bfc062723c751e8b465ee728b)
Start importing Assets/G_Asset/Internal/Script/Controller/SlotController.cs using Guid(8f06e104741071d4f98eb8d90a421f6d) Importer(815301076,1909f56bfc062723c751e8b465ee728b)  -> (artifact id: '970aaa0c4e20d256e365a2ada2a49b63') in 0.000549 seconds
Number of updated asset objects reloaded before import = 0
Number of asset objects unloaded after import = 0
========================================================================
Received Prepare
Begin MonoManager ReloadAssembly
- Loaded All Assemblies, in  0.429 seconds
Refreshing native plugins compatible for Editor in 2.62 ms, found 4 plugins.
Native extension for WindowsStandalone target not found
Native extension for Android target not found
Native extension for WebGL target not found
[Package Manager] Server::EnsureServerProcessIsRunning -- launch failed, reason: Unity was launched with the -noUpm command-line argument
[Package Manager] UpmClient::Send -- Unable to send message (not connected to UPM process).
[Package Manager] Cannot connect to Unity Package Manager local server
Mono: successfully reloaded assembly
- Finished resetting the current domain, in  0.896 seconds
Domain Reload Profiling: 1325ms
	BeginReloadAssembly (154ms)
		ExecutionOrderSort (0ms)
		DisableScriptedObjects (10ms)
		BackupInstance (0ms)
		ReleaseScriptingObjects (0ms)
		CreateAndSetChildDomain (47ms)
	RebuildCommonClasses (28ms)
	RebuildNativeTypeToScriptingClass (9ms)
	initialDomainReloadingComplete (20ms)
	LoadAllAssembliesAndSetupDomain (218ms)
		LoadAssemblies (239ms)
		RebuildTransferFunctionScriptingTraits (0ms)
		AnalyzeDomain (49ms)
			TypeCache.Refresh (13ms)
				TypeCache.ScanAssembly (0ms)
			ScanForSourceGeneratedMonoScriptInfo (25ms)
			ResolveRequiredComponents (9ms)
	FinalizeReload (897ms)
		ReleaseScriptCaches (0ms)
		RebuildScriptCaches (0ms)
		SetupLoadedEditorAssemblies (398ms)
			LogAssemblyErrors (0ms)
			InitializePlatformSupportModulesInManaged (20ms)
			SetLoadedEditorAssemblies (5ms)
			RefreshPlugins (0ms)
			BeforeProcessingInitializeOnLoad (70ms)
			ProcessInitializeOnLoadAttributes (240ms)
			ProcessInitializeOnLoadMethodAttributes (61ms)
			AfterProcessingInitializeOnLoad (2ms)
			EditorAssembliesLoaded (0ms)
		ExecutionOrderSort2 (0ms)
		AwakeInstancesAfterBackupRestoration (10ms)
Refreshing native plugins compatible for Editor in 2.10 ms, found 4 plugins.
Preloading 0 native plugins for Editor in 0.00 ms.
Unloading 5534 Unused Serialized files (Serialized files now loaded: 0)
Unloading 63 unused Assets / (0.9 MB). Loaded Objects now: 6148.
Memory consumption went from 212.1 MB to 211.3 MB.
Total: 4.192400 ms (FindLiveObjects: 0.411400 ms CreateObjectMapping: 0.237400 ms MarkObjects: 3.136700 ms  DeleteObjects: 0.406000 ms)

Prepare: number of updated asset objects reloaded= 0
AssetImportParameters requested are different than current active one (requested -> active):
  custom:container-demuxer-ogg: 62fdf1f143b41e24485cea50d1cbac27 -> 
  custom:video-codec-MediaFoundation-h265: 746d11721c4dcdbdad8f713fa42b33f4 -> 
  custom:video-decoder-ogg-theora: a1e56fd34408186e4bbccfd4996cb3dc -> 
  custom:framework-win-MediaFoundation: 216162199b28c13a410421893ffa2e32 -> 
  custom:CustomObjectIndexerAttribute: 62b5816608c3102f162a1797e29626cf -> 
  custom:container-demuxer-webm: 4f35f7cbe854078d1ac9338744f61a02 -> 
  custom:container-muxer-webm: aa71ff27fc2769a1b78a27578f13a17b -> 
  custom:video-decoder-webm-vp8: 9c59270c3fd7afecdb556c50c9e8de78 -> 
  custom:SearchIndexIgnoredProperties: e643bd26f0fe6173181afceb89e7c659 -> 
  custom:AudioImporter_EditorPlatform: d09bf68614088b80899f8185d706f6e7 -> 
  custom:video-encoder-webm-vp8: eb34c28f22e8b96e1ab97ce403110664 -> 
  custom:audio-decoder-ogg-vorbis: bf7c407c2cedff20999df2af8eb42d56 -> 
  custom:audio-encoder-webm-vorbis: bf7c407c2cedff20999df2af8eb42d56 -> 
========================================================================
Received Import Request.
  Time since last request: 23.009324 seconds.
  path: Assets/G_Asset/Internal/Script/Controller/SlotController.cs
  artifactKey: Guid(8f06e104741071d4f98eb8d90a421f6d) Importer(815301076,1909f56bfc062723c751e8b465ee728b)
Start importing Assets/G_Asset/Internal/Script/Controller/SlotController.cs using Guid(8f06e104741071d4f98eb8d90a421f6d) Importer(815301076,1909f56bfc062723c751e8b465ee728b)  -> (artifact id: 'bf5af086ac9c53c5897a31690221dc18') in 0.005593 seconds
Number of updated asset objects reloaded before import = 0
Number of asset objects unloaded after import = 0
========================================================================
Received Prepare
Begin MonoManager ReloadAssembly
- Loaded All Assemblies, in  0.526 seconds
Refreshing native plugins compatible for Editor in 4.94 ms, found 4 plugins.
Native extension for WindowsStandalone target not found
Native extension for Android target not found
Native extension for WebGL target not found
[Package Manager] Server::EnsureServerProcessIsRunning -- launch failed, reason: Unity was launched with the -noUpm command-line argument
[Package Manager] UpmClient::Send -- Unable to send message (not connected to UPM process).
[Package Manager] Cannot connect to Unity Package Manager local server
Mono: successfully reloaded assembly
- Finished resetting the current domain, in  1.068 seconds
Domain Reload Profiling: 1593ms
	BeginReloadAssembly (162ms)
		ExecutionOrderSort (0ms)
		DisableScriptedObjects (9ms)
		BackupInstance (0ms)
		ReleaseScriptingObjects (0ms)
		CreateAndSetChildDomain (49ms)
	RebuildCommonClasses (49ms)
	RebuildNativeTypeToScriptingClass (10ms)
	initialDomainReloadingComplete (33ms)
	LoadAllAssembliesAndSetupDomain (273ms)
		LoadAssemblies (296ms)
		RebuildTransferFunctionScriptingTraits (0ms)
		AnalyzeDomain (53ms)
			TypeCache.Refresh (17ms)
				TypeCache.ScanAssembly (0ms)
			ScanForSourceGeneratedMonoScriptInfo (23ms)
			ResolveRequiredComponents (10ms)
	FinalizeReload (1068ms)
		ReleaseScriptCaches (0ms)
		RebuildScriptCaches (0ms)
		SetupLoadedEditorAssemblies (488ms)
			LogAssemblyErrors (0ms)
			InitializePlatformSupportModulesInManaged (26ms)
			SetLoadedEditorAssemblies (5ms)
			RefreshPlugins (0ms)
			BeforeProcessingInitializeOnLoad (70ms)
			ProcessInitializeOnLoadAttributes (320ms)
			ProcessInitializeOnLoadMethodAttributes (64ms)
			AfterProcessingInitializeOnLoad (2ms)
			EditorAssembliesLoaded (0ms)
		ExecutionOrderSort2 (0ms)
		AwakeInstancesAfterBackupRestoration (14ms)
Refreshing native plugins compatible for Editor in 2.98 ms, found 4 plugins.
Preloading 0 native plugins for Editor in 0.00 ms.
Unloading 5534 Unused Serialized files (Serialized files now loaded: 0)
Unloading 63 unused Assets / (0.9 MB). Loaded Objects now: 6153.
Memory consumption went from 214.2 MB to 213.3 MB.
Total: 4.436000 ms (FindLiveObjects: 0.543400 ms CreateObjectMapping: 0.220500 ms MarkObjects: 3.185600 ms  DeleteObjects: 0.485300 ms)

Prepare: number of updated asset objects reloaded= 0
AssetImportParameters requested are different than current active one (requested -> active):
  custom:container-demuxer-ogg: 62fdf1f143b41e24485cea50d1cbac27 -> 
  custom:video-codec-MediaFoundation-h265: 746d11721c4dcdbdad8f713fa42b33f4 -> 
  custom:video-decoder-ogg-theora: a1e56fd34408186e4bbccfd4996cb3dc -> 
  custom:framework-win-MediaFoundation: 216162199b28c13a410421893ffa2e32 -> 
  custom:CustomObjectIndexerAttribute: 62b5816608c3102f162a1797e29626cf -> 
  custom:container-demuxer-webm: 4f35f7cbe854078d1ac9338744f61a02 -> 
  custom:container-muxer-webm: aa71ff27fc2769a1b78a27578f13a17b -> 
  custom:video-decoder-webm-vp8: 9c59270c3fd7afecdb556c50c9e8de78 -> 
  custom:SearchIndexIgnoredProperties: e643bd26f0fe6173181afceb89e7c659 -> 
  custom:AudioImporter_EditorPlatform: d09bf68614088b80899f8185d706f6e7 -> 
  custom:video-encoder-webm-vp8: eb34c28f22e8b96e1ab97ce403110664 -> 
  custom:audio-decoder-ogg-vorbis: bf7c407c2cedff20999df2af8eb42d56 -> 
  custom:audio-encoder-webm-vorbis: bf7c407c2cedff20999df2af8eb42d56 -> 
========================================================================
Received Prepare
Begin MonoManager ReloadAssembly
- Loaded All Assemblies, in  0.388 seconds
Refreshing native plugins compatible for Editor in 2.15 ms, found 4 plugins.
Native extension for WindowsStandalone target not found
Native extension for Android target not found
Native extension for WebGL target not found
[Package Manager] Server::EnsureServerProcessIsRunning -- launch failed, reason: Unity was launched with the -noUpm command-line argument
[Package Manager] UpmClient::Send -- Unable to send message (not connected to UPM process).
[Package Manager] Cannot connect to Unity Package Manager local server
Mono: successfully reloaded assembly
- Finished resetting the current domain, in  1.012 seconds
Domain Reload Profiling: 1400ms
	BeginReloadAssembly (146ms)
		ExecutionOrderSort (0ms)
		DisableScriptedObjects (9ms)
		BackupInstance (0ms)
		ReleaseScriptingObjects (0ms)
		CreateAndSetChildDomain (45ms)
	RebuildCommonClasses (33ms)
	RebuildNativeTypeToScriptingClass (9ms)
	initialDomainReloadingComplete (21ms)
	LoadAllAssembliesAndSetupDomain (178ms)
		LoadAssemblies (225ms)
		RebuildTransferFunctionScriptingTraits (0ms)
		AnalyzeDomain (18ms)
			TypeCache.Refresh (7ms)
				TypeCache.ScanAssembly (0ms)
			ScanForSourceGeneratedMonoScriptInfo (0ms)
			ResolveRequiredComponents (10ms)
	FinalizeReload (1013ms)
		ReleaseScriptCaches (0ms)
		RebuildScriptCaches (0ms)
		SetupLoadedEditorAssemblies (493ms)
			LogAssemblyErrors (0ms)
			InitializePlatformSupportModulesInManaged (21ms)
			SetLoadedEditorAssemblies (5ms)
			RefreshPlugins (0ms)
			BeforeProcessingInitializeOnLoad (74ms)
			ProcessInitializeOnLoadAttributes (310ms)
			ProcessInitializeOnLoadMethodAttributes (80ms)
			AfterProcessingInitializeOnLoad (2ms)
			EditorAssembliesLoaded (0ms)
		ExecutionOrderSort2 (0ms)
		AwakeInstancesAfterBackupRestoration (14ms)
Refreshing native plugins compatible for Editor in 2.36 ms, found 4 plugins.
Preloading 0 native plugins for Editor in 0.00 ms.
Unloading 5534 Unused Serialized files (Serialized files now loaded: 0)
Unloading 63 unused Assets / (0.9 MB). Loaded Objects now: 6158.
Memory consumption went from 216.1 MB to 215.3 MB.
Total: 4.044500 ms (FindLiveObjects: 0.608500 ms CreateObjectMapping: 0.326200 ms MarkObjects: 2.625200 ms  DeleteObjects: 0.483500 ms)

Prepare: number of updated asset objects reloaded= 0
AssetImportParameters requested are different than current active one (requested -> active):
  custom:container-demuxer-ogg: 62fdf1f143b41e24485cea50d1cbac27 -> 
  custom:video-codec-MediaFoundation-h265: 746d11721c4dcdbdad8f713fa42b33f4 -> 
  custom:video-decoder-ogg-theora: a1e56fd34408186e4bbccfd4996cb3dc -> 
  custom:framework-win-MediaFoundation: 216162199b28c13a410421893ffa2e32 -> 
  custom:CustomObjectIndexerAttribute: 62b5816608c3102f162a1797e29626cf -> 
  custom:container-demuxer-webm: 4f35f7cbe854078d1ac9338744f61a02 -> 
  custom:container-muxer-webm: aa71ff27fc2769a1b78a27578f13a17b -> 
  custom:video-decoder-webm-vp8: 9c59270c3fd7afecdb556c50c9e8de78 -> 
  custom:SearchIndexIgnoredProperties: e643bd26f0fe6173181afceb89e7c659 -> 
  custom:AudioImporter_EditorPlatform: d09bf68614088b80899f8185d706f6e7 -> 
  custom:video-encoder-webm-vp8: eb34c28f22e8b96e1ab97ce403110664 -> 
  custom:audio-decoder-ogg-vorbis: bf7c407c2cedff20999df2af8eb42d56 -> 
  custom:audio-encoder-webm-vorbis: bf7c407c2cedff20999df2af8eb42d56 -> 
========================================================================
Received Import Request.
  Time since last request: 44.743880 seconds.
  path: Assets/G_Asset/Internal/Script/Controller/SlotController.cs
  artifactKey: Guid(8f06e104741071d4f98eb8d90a421f6d) Importer(815301076,1909f56bfc062723c751e8b465ee728b)
Start importing Assets/G_Asset/Internal/Script/Controller/SlotController.cs using Guid(8f06e104741071d4f98eb8d90a421f6d) Importer(815301076,1909f56bfc062723c751e8b465ee728b)  -> (artifact id: '2a87269f2ef1b0631c98cd96550bb39e') in 0.002077 seconds
Number of updated asset objects reloaded before import = 0
Number of asset objects unloaded after import = 0
========================================================================
Received Import Request.
  Time since last request: 3.782326 seconds.
  path: Assets/G_Asset/Internal/Script/Controller/SlotController.cs
  artifactKey: Guid(8f06e104741071d4f98eb8d90a421f6d) Importer(815301076,1909f56bfc062723c751e8b465ee728b)
Start importing Assets/G_Asset/Internal/Script/Controller/SlotController.cs using Guid(8f06e104741071d4f98eb8d90a421f6d) Importer(815301076,1909f56bfc062723c751e8b465ee728b)  -> (artifact id: 'ee12abcaf8ccbc042903634c5aa5028e') in 0.000821 seconds
Number of updated asset objects reloaded before import = 0
Number of asset objects unloaded after import = 0
========================================================================
Received Import Request.
  Time since last request: 9.934393 seconds.
  path: Assets/G_Asset/Internal/Script/Controller/SlotController.cs
  artifactKey: Guid(8f06e104741071d4f98eb8d90a421f6d) Importer(815301076,1909f56bfc062723c751e8b465ee728b)
Start importing Assets/G_Asset/Internal/Script/Controller/SlotController.cs using Guid(8f06e104741071d4f98eb8d90a421f6d) Importer(815301076,1909f56bfc062723c751e8b465ee728b)  -> (artifact id: '1e150aca31814a401836fefc96391a9f') in 0.000866 seconds
Number of updated asset objects reloaded before import = 0
Number of asset objects unloaded after import = 0
========================================================================
Received Import Request.
  Time since last request: 8.174799 seconds.
  path: Assets/G_Asset/Internal/Script/Controller/SlotController.cs
  artifactKey: Guid(8f06e104741071d4f98eb8d90a421f6d) Importer(815301076,1909f56bfc062723c751e8b465ee728b)
Start importing Assets/G_Asset/Internal/Script/Controller/SlotController.cs using Guid(8f06e104741071d4f98eb8d90a421f6d) Importer(815301076,1909f56bfc062723c751e8b465ee728b)  -> (artifact id: '0f45edbe1590c658a5a18ef539acd80b') in 0.000650 seconds
Number of updated asset objects reloaded before import = 0
Number of asset objects unloaded after import = 0
========================================================================
Received Import Request.
  Time since last request: 2.805391 seconds.
  path: Assets/G_Asset/Internal/Script/Controller/SlotController.cs
  artifactKey: Guid(8f06e104741071d4f98eb8d90a421f6d) Importer(815301076,1909f56bfc062723c751e8b465ee728b)
Start importing Assets/G_Asset/Internal/Script/Controller/SlotController.cs using Guid(8f06e104741071d4f98eb8d90a421f6d) Importer(815301076,1909f56bfc062723c751e8b465ee728b)  -> (artifact id: '0a82272cbc85269dd4216ed112c74987') in 0.000592 seconds
Number of updated asset objects reloaded before import = 0
Number of asset objects unloaded after import = 0
========================================================================
Received Import Request.
  Time since last request: 4.030963 seconds.
  path: Assets/G_Asset/Internal/Script/Controller/SlotController.cs
  artifactKey: Guid(8f06e104741071d4f98eb8d90a421f6d) Importer(815301076,1909f56bfc062723c751e8b465ee728b)
Start importing Assets/G_Asset/Internal/Script/Controller/SlotController.cs using Guid(8f06e104741071d4f98eb8d90a421f6d) Importer(815301076,1909f56bfc062723c751e8b465ee728b)  -> (artifact id: '893d53858bf7f231c27bdd65f1e92871') in 0.000633 seconds
Number of updated asset objects reloaded before import = 0
Number of asset objects unloaded after import = 0
========================================================================
Received Import Request.
  Time since last request: 2.517794 seconds.
  path: Assets/G_Asset/Internal/Script/Controller/SlotController.cs
  artifactKey: Guid(8f06e104741071d4f98eb8d90a421f6d) Importer(815301076,1909f56bfc062723c751e8b465ee728b)
Start importing Assets/G_Asset/Internal/Script/Controller/SlotController.cs using Guid(8f06e104741071d4f98eb8d90a421f6d) Importer(815301076,1909f56bfc062723c751e8b465ee728b)  -> (artifact id: '9d1fe1bff0224218d44d0344c4b15337') in 0.000629 seconds
Number of updated asset objects reloaded before import = 0
Number of asset objects unloaded after import = 0
========================================================================
Received Import Request.
  Time since last request: 16.322651 seconds.
  path: Assets/G_Asset/Internal/Script/Controller/SlotController.cs
  artifactKey: Guid(8f06e104741071d4f98eb8d90a421f6d) Importer(815301076,1909f56bfc062723c751e8b465ee728b)
Start importing Assets/G_Asset/Internal/Script/Controller/SlotController.cs using Guid(8f06e104741071d4f98eb8d90a421f6d) Importer(815301076,1909f56bfc062723c751e8b465ee728b)  -> (artifact id: '985b6ff189236fd02e4bacd46989f510') in 0.000691 seconds
Number of updated asset objects reloaded before import = 0
Number of asset objects unloaded after import = 0
========================================================================
Received Import Request.
  Time since last request: 9.462406 seconds.
  path: Assets/G_Asset/Internal/Script/Controller/SlotController.cs
  artifactKey: Guid(8f06e104741071d4f98eb8d90a421f6d) Importer(815301076,1909f56bfc062723c751e8b465ee728b)
Start importing Assets/G_Asset/Internal/Script/Controller/SlotController.cs using Guid(8f06e104741071d4f98eb8d90a421f6d) Importer(815301076,1909f56bfc062723c751e8b465ee728b)  -> (artifact id: '00000000000000000000000000000000') in 0.000914 seconds
Import Error Code:(4)
Message: Build asset version error: assets/g_asset/internal/script/controller/slotcontroller.cs in SourceAssetDB has modification time of '2024-04-15T04:08:06.9386081Z' while content on disk has modification time of '2024-04-15T04:08:07.2138499Z'
  ERROR: Build asset version error: assets/g_asset/internal/script/controller/slotcontroller.cs in SourceAssetDB has modification time of '2024-04-15T04:08:06.9386081Z' while content on disk has modification time of '2024-04-15T04:08:07.2138499Z'
Number of updated asset objects reloaded before import = 0
Number of asset objects unloaded after import = 0
========================================================================
Received Import Request.
  Time since last request: 0.001489 seconds.
  path: Assets/G_Asset/Internal/Script/Controller/SlotController.cs
  artifactKey: Guid(8f06e104741071d4f98eb8d90a421f6d) Importer(815301076,1909f56bfc062723c751e8b465ee728b)
Start importing Assets/G_Asset/Internal/Script/Controller/SlotController.cs using Guid(8f06e104741071d4f98eb8d90a421f6d) Importer(815301076,1909f56bfc062723c751e8b465ee728b)  -> (artifact id: '00000000000000000000000000000000') in 0.000699 seconds
Import Error Code:(4)
Message: Build asset version error: assets/g_asset/internal/script/controller/slotcontroller.cs in SourceAssetDB has modification time of '2024-04-15T04:08:06.9386081Z' while content on disk has modification time of '2024-04-15T04:08:07.2138499Z'
  ERROR: Build asset version error: assets/g_asset/internal/script/controller/slotcontroller.cs in SourceAssetDB has modification time of '2024-04-15T04:08:06.9386081Z' while content on disk has modification time of '2024-04-15T04:08:07.2138499Z'
Number of updated asset objects reloaded before import = 0
Number of asset objects unloaded after import = 0
========================================================================
Received Import Request.
  Time since last request: 0.022343 seconds.
  path: Assets/G_Asset/Internal/Script/Controller/SlotController.cs
  artifactKey: Guid(8f06e104741071d4f98eb8d90a421f6d) Importer(815301076,1909f56bfc062723c751e8b465ee728b)
Start importing Assets/G_Asset/Internal/Script/Controller/SlotController.cs using Guid(8f06e104741071d4f98eb8d90a421f6d) Importer(815301076,1909f56bfc062723c751e8b465ee728b)  -> (artifact id: '1e0a6e4cb72b273af23a773f53fafc59') in 0.000565 seconds
Number of updated asset objects reloaded before import = 0
Number of asset objects unloaded after import = 0
========================================================================
Received Import Request.
  Time since last request: 10.485040 seconds.
  path: Assets/G_Asset/Internal/Script/Controller/SlotController.cs
  artifactKey: Guid(8f06e104741071d4f98eb8d90a421f6d) Importer(815301076,1909f56bfc062723c751e8b465ee728b)
Start importing Assets/G_Asset/Internal/Script/Controller/SlotController.cs using Guid(8f06e104741071d4f98eb8d90a421f6d) Importer(815301076,1909f56bfc062723c751e8b465ee728b)  -> (artifact id: '00000000000000000000000000000000') in 0.000735 seconds
Import Error Code:(4)
Message: Build asset version error: assets/g_asset/internal/script/controller/slotcontroller.cs in SourceAssetDB has modification time of '2024-04-15T04:08:17.5199067Z' while content on disk has modification time of '2024-04-15T04:08:17.7112371Z'
  ERROR: Build asset version error: assets/g_asset/internal/script/controller/slotcontroller.cs in SourceAssetDB has modification time of '2024-04-15T04:08:17.5199067Z' while content on disk has modification time of '2024-04-15T04:08:17.7112371Z'
Number of updated asset objects reloaded before import = 0
Number of asset objects unloaded after import = 0
========================================================================
Received Import Request.
  Time since last request: 0.008581 seconds.
  path: Assets/G_Asset/Internal/Script/Controller/SlotController.cs
  artifactKey: Guid(8f06e104741071d4f98eb8d90a421f6d) Importer(815301076,1909f56bfc062723c751e8b465ee728b)
Start importing Assets/G_Asset/Internal/Script/Controller/SlotController.cs using Guid(8f06e104741071d4f98eb8d90a421f6d) Importer(815301076,1909f56bfc062723c751e8b465ee728b)  -> (artifact id: '068b8fb1b322fb7adc775698a777002b') in 0.000684 seconds
Number of updated asset objects reloaded before import = 0
Number of asset objects unloaded after import = 0
========================================================================
Received Import Request.
  Time since last request: 308.570553 seconds.
  path: Assets/G_Asset/Internal/Script/Controller/SlotController.cs
  artifactKey: Guid(8f06e104741071d4f98eb8d90a421f6d) Importer(815301076,1909f56bfc062723c751e8b465ee728b)
Start importing Assets/G_Asset/Internal/Script/Controller/SlotController.cs using Guid(8f06e104741071d4f98eb8d90a421f6d) Importer(815301076,1909f56bfc062723c751e8b465ee728b)  -> (artifact id: '7fbc1e61e818d61baba0f757d2f4ac3f') in 0.001014 seconds
Number of updated asset objects reloaded before import = 0
Number of asset objects unloaded after import = 0
========================================================================
Received Import Request.
  Time since last request: 11.473472 seconds.
  path: Assets/G_Asset/Internal/Script/Controller/SlotController.cs
  artifactKey: Guid(8f06e104741071d4f98eb8d90a421f6d) Importer(815301076,1909f56bfc062723c751e8b465ee728b)
Start importing Assets/G_Asset/Internal/Script/Controller/SlotController.cs using Guid(8f06e104741071d4f98eb8d90a421f6d) Importer(815301076,1909f56bfc062723c751e8b465ee728b)  -> (artifact id: '2334397fca9306195456f0dbe22b932d') in 0.000651 seconds
Number of updated asset objects reloaded before import = 0
Number of asset objects unloaded after import = 0
========================================================================
Received Import Request.
  Time since last request: 5.576580 seconds.
  path: Assets/G_Asset/Internal/Script/Controller/SlotController.cs
  artifactKey: Guid(8f06e104741071d4f98eb8d90a421f6d) Importer(815301076,1909f56bfc062723c751e8b465ee728b)
Start importing Assets/G_Asset/Internal/Script/Controller/SlotController.cs using Guid(8f06e104741071d4f98eb8d90a421f6d) Importer(815301076,1909f56bfc062723c751e8b465ee728b)  -> (artifact id: 'aaba20a82c5086808819802978ddb28c') in 0.000564 seconds
Number of updated asset objects reloaded before import = 0
Number of asset objects unloaded after import = 0
========================================================================
Received Import Request.
  Time since last request: 11.024575 seconds.
  path: Assets/G_Asset/Internal/Script/Controller/SlotController.cs
  artifactKey: Guid(8f06e104741071d4f98eb8d90a421f6d) Importer(815301076,1909f56bfc062723c751e8b465ee728b)
Start importing Assets/G_Asset/Internal/Script/Controller/SlotController.cs using Guid(8f06e104741071d4f98eb8d90a421f6d) Importer(815301076,1909f56bfc062723c751e8b465ee728b)  -> (artifact id: '2286513894d9caac52df50394522837b') in 0.000758 seconds
Number of updated asset objects reloaded before import = 0
Number of asset objects unloaded after import = 0
========================================================================
Received Import Request.
  Time since last request: 9.605433 seconds.
  path: Assets/G_Asset/Internal/Script/Controller/SlotController.cs
  artifactKey: Guid(8f06e104741071d4f98eb8d90a421f6d) Importer(815301076,1909f56bfc062723c751e8b465ee728b)
Start importing Assets/G_Asset/Internal/Script/Controller/SlotController.cs using Guid(8f06e104741071d4f98eb8d90a421f6d) Importer(815301076,1909f56bfc062723c751e8b465ee728b)  -> (artifact id: 'ce27cd24b43d6bde76f205cdc0fcf177') in 0.000549 seconds
Number of updated asset objects reloaded before import = 0
Number of asset objects unloaded after import = 0
========================================================================
Received Import Request.
  Time since last request: 3.584610 seconds.
  path: Assets/G_Asset/Internal/Script/Controller/SlotController.cs
  artifactKey: Guid(8f06e104741071d4f98eb8d90a421f6d) Importer(815301076,1909f56bfc062723c751e8b465ee728b)
Start importing Assets/G_Asset/Internal/Script/Controller/SlotController.cs using Guid(8f06e104741071d4f98eb8d90a421f6d) Importer(815301076,1909f56bfc062723c751e8b465ee728b)  -> (artifact id: '0b4b2dab026362caecb96bc8f6e5e80e') in 0.000623 seconds
Number of updated asset objects reloaded before import = 0
Number of asset objects unloaded after import = 0
========================================================================
Received Import Request.
  Time since last request: 12.878851 seconds.
  path: Assets/G_Asset/Internal/Script/Controller/SlotController.cs
  artifactKey: Guid(8f06e104741071d4f98eb8d90a421f6d) Importer(815301076,1909f56bfc062723c751e8b465ee728b)
Start importing Assets/G_Asset/Internal/Script/Controller/SlotController.cs using Guid(8f06e104741071d4f98eb8d90a421f6d) Importer(815301076,1909f56bfc062723c751e8b465ee728b)  -> (artifact id: 'ff694fbd219f7cbcdecf85d5c0406e17') in 0.000761 seconds
Number of updated asset objects reloaded before import = 0
Number of asset objects unloaded after import = 0
========================================================================
Received Import Request.
  Time since last request: 4.800030 seconds.
  path: Assets/G_Asset/Internal/Script/Controller/SlotController.cs
  artifactKey: Guid(8f06e104741071d4f98eb8d90a421f6d) Importer(815301076,1909f56bfc062723c751e8b465ee728b)
Start importing Assets/G_Asset/Internal/Script/Controller/SlotController.cs using Guid(8f06e104741071d4f98eb8d90a421f6d) Importer(815301076,1909f56bfc062723c751e8b465ee728b)  -> (artifact id: 'b1c3af5e8df22f10f023397b2d5d57c2') in 0.000622 seconds
Number of updated asset objects reloaded before import = 0
Number of asset objects unloaded after import = 0
========================================================================
Received Import Request.
  Time since last request: 9.942633 seconds.
  path: Assets/G_Asset/Internal/Script/Controller/SlotController.cs
  artifactKey: Guid(8f06e104741071d4f98eb8d90a421f6d) Importer(815301076,1909f56bfc062723c751e8b465ee728b)
Start importing Assets/G_Asset/Internal/Script/Controller/SlotController.cs using Guid(8f06e104741071d4f98eb8d90a421f6d) Importer(815301076,1909f56bfc062723c751e8b465ee728b)  -> (artifact id: '00000000000000000000000000000000') in 0.000495 seconds
Import Error Code:(4)
Message: Build asset version error: assets/g_asset/internal/script/controller/slotcontroller.cs in SourceAssetDB has modification time of '2024-04-15T04:14:35.0903611Z' while content on disk has modification time of '2024-04-15T04:14:35.2648634Z'
  ERROR: Build asset version error: assets/g_asset/internal/script/controller/slotcontroller.cs in SourceAssetDB has modification time of '2024-04-15T04:14:35.0903611Z' while content on disk has modification time of '2024-04-15T04:14:35.2648634Z'
Number of updated asset objects reloaded before import = 0
Number of asset objects unloaded after import = 0
========================================================================
Received Import Request.
  Time since last request: 0.016265 seconds.
  path: Assets/G_Asset/Internal/Script/Controller/SlotController.cs
  artifactKey: Guid(8f06e104741071d4f98eb8d90a421f6d) Importer(815301076,1909f56bfc062723c751e8b465ee728b)
Start importing Assets/G_Asset/Internal/Script/Controller/SlotController.cs using Guid(8f06e104741071d4f98eb8d90a421f6d) Importer(815301076,1909f56bfc062723c751e8b465ee728b)  -> (artifact id: 'd3aca8a02f9482e02f45f21c5fd9b1fe') in 0.000586 seconds
Number of updated asset objects reloaded before import = 0
Number of asset objects unloaded after import = 0
========================================================================
Received Import Request.
  Time since last request: 69.645152 seconds.
  path: Assets/G_Asset/Internal/Script/Controller/SlotController.cs
  artifactKey: Guid(8f06e104741071d4f98eb8d90a421f6d) Importer(815301076,1909f56bfc062723c751e8b465ee728b)
Start importing Assets/G_Asset/Internal/Script/Controller/SlotController.cs using Guid(8f06e104741071d4f98eb8d90a421f6d) Importer(815301076,1909f56bfc062723c751e8b465ee728b)  -> (artifact id: '7598a70eaa70489a9e12c77dc6fbe216') in 0.000815 seconds
Number of updated asset objects reloaded before import = 0
Number of asset objects unloaded after import = 0
========================================================================
Received Import Request.
  Time since last request: 4.148295 seconds.
  path: Assets/G_Asset/Internal/Script/Controller/SlotController.cs
  artifactKey: Guid(8f06e104741071d4f98eb8d90a421f6d) Importer(815301076,1909f56bfc062723c751e8b465ee728b)
Start importing Assets/G_Asset/Internal/Script/Controller/SlotController.cs using Guid(8f06e104741071d4f98eb8d90a421f6d) Importer(815301076,1909f56bfc062723c751e8b465ee728b)  -> (artifact id: '00000000000000000000000000000000') in 0.000955 seconds
Import Error Code:(4)
Message: Build asset version error: assets/g_asset/internal/script/controller/slotcontroller.cs in SourceAssetDB has modification time of '2024-04-15T04:15:48.9439515Z' while content on disk has modification time of '2024-04-15T04:15:49.1151238Z'
  ERROR: Build asset version error: assets/g_asset/internal/script/controller/slotcontroller.cs in SourceAssetDB has modification time of '2024-04-15T04:15:48.9439515Z' while content on disk has modification time of '2024-04-15T04:15:49.1151238Z'
Number of updated asset objects reloaded before import = 0
Number of asset objects unloaded after import = 0
========================================================================
Received Import Request.
  Time since last request: 0.019648 seconds.
  path: Assets/G_Asset/Internal/Script/Controller/SlotController.cs
  artifactKey: Guid(8f06e104741071d4f98eb8d90a421f6d) Importer(815301076,1909f56bfc062723c751e8b465ee728b)
Start importing Assets/G_Asset/Internal/Script/Controller/SlotController.cs using Guid(8f06e104741071d4f98eb8d90a421f6d) Importer(815301076,1909f56bfc062723c751e8b465ee728b)  -> (artifact id: 'c96721b7ad5ddf95db54e299fa74c3fc') in 0.000541 seconds
Number of updated asset objects reloaded before import = 0
Number of asset objects unloaded after import = 0
========================================================================
Received Import Request.
  Time since last request: 9.165504 seconds.
  path: Assets/G_Asset/Internal/Script/Controller/SlotController.cs
  artifactKey: Guid(8f06e104741071d4f98eb8d90a421f6d) Importer(815301076,1909f56bfc062723c751e8b465ee728b)
Start importing Assets/G_Asset/Internal/Script/Controller/SlotController.cs using Guid(8f06e104741071d4f98eb8d90a421f6d) Importer(815301076,1909f56bfc062723c751e8b465ee728b)  -> (artifact id: 'd33285fe7880c6b14e4403cabee5659a') in 0.000754 seconds
Number of updated asset objects reloaded before import = 0
Number of asset objects unloaded after import = 0
========================================================================
Received Import Request.
  Time since last request: 2.317530 seconds.
  path: Assets/G_Asset/Internal/Script/Controller/SlotController.cs
  artifactKey: Guid(8f06e104741071d4f98eb8d90a421f6d) Importer(815301076,1909f56bfc062723c751e8b465ee728b)
Start importing Assets/G_Asset/Internal/Script/Controller/SlotController.cs using Guid(8f06e104741071d4f98eb8d90a421f6d) Importer(815301076,1909f56bfc062723c751e8b465ee728b)  -> (artifact id: 'cc6660fe802d9bd960ad7b8b21e8b522') in 0.000845 seconds
Number of updated asset objects reloaded before import = 0
Number of asset objects unloaded after import = 0
========================================================================
Received Import Request.
  Time since last request: 20.966031 seconds.
  path: Assets/G_Asset/Internal/Script/Controller/SlotController.cs
  artifactKey: Guid(8f06e104741071d4f98eb8d90a421f6d) Importer(815301076,1909f56bfc062723c751e8b465ee728b)
Start importing Assets/G_Asset/Internal/Script/Controller/SlotController.cs using Guid(8f06e104741071d4f98eb8d90a421f6d) Importer(815301076,1909f56bfc062723c751e8b465ee728b)  -> (artifact id: '441e76977214343992b46c7f20a9ed7d') in 0.000520 seconds
Number of updated asset objects reloaded before import = 0
Number of asset objects unloaded after import = 0
========================================================================
Received Import Request.
  Time since last request: 7.196759 seconds.
  path: Assets/G_Asset/Internal/Script/Controller/SlotController.cs
  artifactKey: Guid(8f06e104741071d4f98eb8d90a421f6d) Importer(815301076,1909f56bfc062723c751e8b465ee728b)
Start importing Assets/G_Asset/Internal/Script/Controller/SlotController.cs using Guid(8f06e104741071d4f98eb8d90a421f6d) Importer(815301076,1909f56bfc062723c751e8b465ee728b)  -> (artifact id: '294ea8e72a78909be9dd9aa75784304c') in 0.000740 seconds
Number of updated asset objects reloaded before import = 0
Number of asset objects unloaded after import = 0
========================================================================
Received Import Request.
  Time since last request: 2.059893 seconds.
  path: Assets/G_Asset/Internal/Script/Controller/SlotController.cs
  artifactKey: Guid(8f06e104741071d4f98eb8d90a421f6d) Importer(815301076,1909f56bfc062723c751e8b465ee728b)
Start importing Assets/G_Asset/Internal/Script/Controller/SlotController.cs using Guid(8f06e104741071d4f98eb8d90a421f6d) Importer(815301076,1909f56bfc062723c751e8b465ee728b)  -> (artifact id: '05664afb90bf7883b60960f367898442') in 0.000513 seconds
Number of updated asset objects reloaded before import = 0
Number of asset objects unloaded after import = 0
========================================================================
Received Import Request.
  Time since last request: 13.030855 seconds.
  path: Assets/G_Asset/Internal/Script/Controller/SlotController.cs
  artifactKey: Guid(8f06e104741071d4f98eb8d90a421f6d) Importer(815301076,1909f56bfc062723c751e8b465ee728b)
Start importing Assets/G_Asset/Internal/Script/Controller/SlotController.cs using Guid(8f06e104741071d4f98eb8d90a421f6d) Importer(815301076,1909f56bfc062723c751e8b465ee728b)  -> (artifact id: 'ed140c367cb227b657d710af245b4891') in 0.000525 seconds
Number of updated asset objects reloaded before import = 0
Number of asset objects unloaded after import = 0
========================================================================
Received Import Request.
  Time since last request: 4.281752 seconds.
  path: Assets/G_Asset/Internal/Script/Controller/SlotController.cs
  artifactKey: Guid(8f06e104741071d4f98eb8d90a421f6d) Importer(815301076,1909f56bfc062723c751e8b465ee728b)
Start importing Assets/G_Asset/Internal/Script/Controller/SlotController.cs using Guid(8f06e104741071d4f98eb8d90a421f6d) Importer(815301076,1909f56bfc062723c751e8b465ee728b)  -> (artifact id: '386ee80894fd32e422c458b8ae2545b1') in 0.001074 seconds
Number of updated asset objects reloaded before import = 0
Number of asset objects unloaded after import = 0
========================================================================
Received Import Request.
  Time since last request: 9.204572 seconds.
  path: Assets/G_Asset/Internal/Script/Controller/SlotController.cs
  artifactKey: Guid(8f06e104741071d4f98eb8d90a421f6d) Importer(815301076,1909f56bfc062723c751e8b465ee728b)
Start importing Assets/G_Asset/Internal/Script/Controller/SlotController.cs using Guid(8f06e104741071d4f98eb8d90a421f6d) Importer(815301076,1909f56bfc062723c751e8b465ee728b)  -> (artifact id: 'a5ddb0eed4a0c16de631b844656ff569') in 0.000571 seconds
Number of updated asset objects reloaded before import = 0
Number of asset objects unloaded after import = 0
========================================================================
Received Import Request.
  Time since last request: 1.726914 seconds.
  path: Assets/G_Asset/Internal/Script/Controller/SlotController.cs
  artifactKey: Guid(8f06e104741071d4f98eb8d90a421f6d) Importer(815301076,1909f56bfc062723c751e8b465ee728b)
Start importing Assets/G_Asset/Internal/Script/Controller/SlotController.cs using Guid(8f06e104741071d4f98eb8d90a421f6d) Importer(815301076,1909f56bfc062723c751e8b465ee728b)  -> (artifact id: '00000000000000000000000000000000') in 0.000546 seconds
Import Error Code:(4)
Message: Build asset version error: assets/g_asset/internal/script/controller/slotcontroller.cs in SourceAssetDB has modification time of '2024-04-15T04:16:59.0789171Z' while content on disk has modification time of '2024-04-15T04:16:59.1899627Z'
  ERROR: Build asset version error: assets/g_asset/internal/script/controller/slotcontroller.cs in SourceAssetDB has modification time of '2024-04-15T04:16:59.0789171Z' while content on disk has modification time of '2024-04-15T04:16:59.1899627Z'
Number of updated asset objects reloaded before import = 0
Number of asset objects unloaded after import = 0
========================================================================
Received Import Request.
  Time since last request: 0.025616 seconds.
  path: Assets/G_Asset/Internal/Script/Controller/SlotController.cs
  artifactKey: Guid(8f06e104741071d4f98eb8d90a421f6d) Importer(815301076,1909f56bfc062723c751e8b465ee728b)
Start importing Assets/G_Asset/Internal/Script/Controller/SlotController.cs using Guid(8f06e104741071d4f98eb8d90a421f6d) Importer(815301076,1909f56bfc062723c751e8b465ee728b)  -> (artifact id: 'cc3da137cba1030f6cdbb693cf552793') in 0.000895 seconds
Number of updated asset objects reloaded before import = 0
Number of asset objects unloaded after import = 0
========================================================================
Received Import Request.
  Time since last request: 14.446383 seconds.
  path: Assets/G_Asset/Internal/Script/Controller/SlotController.cs
  artifactKey: Guid(8f06e104741071d4f98eb8d90a421f6d) Importer(815301076,1909f56bfc062723c751e8b465ee728b)
Start importing Assets/G_Asset/Internal/Script/Controller/SlotController.cs using Guid(8f06e104741071d4f98eb8d90a421f6d) Importer(815301076,1909f56bfc062723c751e8b465ee728b)  -> (artifact id: '8be5a770970946d8247f5857df5099bb') in 0.000635 seconds
Number of updated asset objects reloaded before import = 0
Number of asset objects unloaded after import = 0
========================================================================
Received Import Request.
  Time since last request: 22.865791 seconds.
  path: Assets/G_Asset/Internal/Script/Controller/SlotController.cs
  artifactKey: Guid(8f06e104741071d4f98eb8d90a421f6d) Importer(815301076,1909f56bfc062723c751e8b465ee728b)
Start importing Assets/G_Asset/Internal/Script/Controller/SlotController.cs using Guid(8f06e104741071d4f98eb8d90a421f6d) Importer(815301076,1909f56bfc062723c751e8b465ee728b)  -> (artifact id: '287f3931e22c875ef4a47e3bafecd1da') in 0.001148 seconds
Number of updated asset objects reloaded before import = 0
Number of asset objects unloaded after import = 0
========================================================================
Received Prepare
Begin MonoManager ReloadAssembly
- Loaded All Assemblies, in  2.519 seconds
Refreshing native plugins compatible for Editor in 3.57 ms, found 4 plugins.
